Arguments: 
  /Users/djohnston/.nvm/versions/node/v14.17.6/bin/node /usr/local/Cellar/yarn/1.22.4/libexec/bin/yarn.js init

PATH: 
  /Users/djohnston/.serverless/bin:/Users/djohnston/.nvm/versions/node/v14.17.6/bin:/usr/local/bin:/usr/bin:/bin:/usr/sbin:/sbin:/Users/djohnston/apache-maven-3.6.3/bin:/Users/djohnston/.local/bin

Yarn version: 
  1.22.4

Node version: 
  14.17.6

Platform: 
  darwin x64

Trace: 
  Error: canceled
      at Interface.<anonymous> (/usr/local/Cellar/yarn/1.22.4/libexec/lib/cli.js:137008:13)
      at Interface.emit (events.js:400:28)
      at Interface._ttyWrite (readline.js:910:16)
      at ReadStream.onkeypress (readline.js:235:10)
      at ReadStream.emit (events.js:400:28)
      at emitKeys (internal/readline/utils.js:358:14)
      at emitKeys.next (<anonymous>)
      at ReadStream.onData (readline.js:1179:36)
      at ReadStream.emit (events.js:400:28)
      at addChunk (internal/streams/readable.js:290:12)

npm manifest: 
  No manifest

yarn manifest: 
  No manifest

Lockfile: 
  No lockfile
